12/7/2023 3:58:40 PM: Info
Creating reserved radio waves
12/7/2023 3:58:40 PM: Info
Reserved radio waves created succesfully
12/7/2023 3:58:41 PM: Info
Next restart in 13 hours 1 minutes
12/7/2023 3:58:42 PM: Info
Loaded 192 houses.
12/7/2023 3:58:42 PM: Info
NOT FOUND HOUSE WITH GARAGE ID = 110
12/7/2023 3:58:42 PM: Info
Loaded 192 garages.
12/7/2023 3:58:42 PM: Info
Loading Vehicles...
12/7/2023 3:58:42 PM: Info
ELITERP 0.4 Global started at 2023-12-07T15:58:37
12/7/2023 3:58:42 PM: Info
Assembly compiled 2023-12-07T15:21:43
12/7/2023 3:58:42 PM: Info
Loading ATMs...
12/7/2023 4:00:00 PM: Info
payDay Trigger 12/7/2023 4:00:00 PM
12/7/2023 4:00:00 PM: Info
Payday complited in 263.7277 ms
12/7/2023 4:03:41 PM: Info
Start Save db12/7/2023 4:03:41 PM
12/7/2023 4:03:41 PM: Info
All saved in 100.286 ms
12/7/2023 4:08:41 PM: Info
Start Save db12/7/2023 4:08:41 PM
12/7/2023 4:08:41 PM: Info
All saved in 18.4107 ms
12/7/2023 4:13:41 PM: Info
Start Save db12/7/2023 4:13:41 PM
12/7/2023 4:13:41 PM: Info
All saved in 9.8452 ms
