12/7/2023 3:58:40 PM: Warning
no price config for vehicle: faction2
12/7/2023 3:58:40 PM: Warning
no price config for vehicle: impaler
12/7/2023 3:58:40 PM: Warning
no price config for vehicle: zion
12/7/2023 3:58:40 PM: Warning
no price config for vehicle: vamos
12/7/2023 3:58:40 PM: Warning
no price config for vehicle: sentinel2
12/7/2023 3:58:40 PM: Warning
no price config for vehicle: zion2
12/7/2023 3:58:40 PM: Warning
no price config for vehicle: asea
12/7/2023 3:58:40 PM: Warning
no price config for vehicle: exemplar
12/7/2023 3:58:40 PM: Warning
no price config for vehicle: carbonizzare
12/7/2023 3:58:40 PM: Warning
no price config for vehicle: dominator2
12/7/2023 3:58:40 PM: Warning
no price config for vehicle: surano
12/7/2023 3:58:40 PM: Warning
no price config for vehicle: asbo
12/7/2023 3:58:40 PM: Warning
no price config for vehicle: blista
12/7/2023 3:58:40 PM: Warning
no price config for vehicle: sanchez
12/7/2023 3:58:40 PM: Warning
no price config for vehicle: carbonizzare
12/7/2023 3:58:40 PM: Warning
no price config for vehicle: cogcabrio
12/7/2023 3:58:40 PM: Warning
no price config for vehicle: feltzer2
12/7/2023 3:58:40 PM: Warning
no price config for vehicle: jester2
12/7/2023 3:58:40 PM: Warning
no price config for vehicle: gp1
12/7/2023 3:58:40 PM: Warning
no price config for vehicle: elegy2
12/7/2023 3:58:40 PM: Warning
no price config for vehicle: rebla
12/7/2023 3:58:40 PM: Warning
no price config for vehicle: moonbeam
12/7/2023 3:58:40 PM: Warning
no price config for vehicle: sabregt
12/7/2023 3:58:40 PM: Warning
no price config for vehicle: rocoto
12/7/2023 3:58:40 PM: Warning
no price config for vehicle: xa21
12/7/2023 3:58:40 PM: Warning
no price config for vehicle: emerus
12/7/2023 3:58:40 PM: Warning
no price config for vehicle: toros
12/7/2023 3:58:40 PM: Warning
no price config for vehicle: kamacho
12/7/2023 3:58:40 PM: Warning
no price config for vehicle: sentinel3
12/7/2023 3:58:40 PM: Warning
no price config for vehicle: seven70
12/7/2023 3:58:40 PM: Warning
no price config for vehicle: specter2
12/7/2023 3:58:40 PM: Warning
no price config for vehicle: gt500
12/7/2023 3:58:40 PM: Warning
no price config for vehicle: tyrus
12/7/2023 3:58:40 PM: Warning
no price config for vehicle: monroe
12/7/2023 3:58:40 PM: Warning
no price config for vehicle: windsor
12/7/2023 3:58:40 PM: Warning
no price config for vehicle: caracara2
12/7/2023 3:58:40 PM: Warning
no price config for vehicle: dubsta2
12/7/2023 3:58:40 PM: Warning
no price config for vehicle: entityxf
12/7/2023 3:58:40 PM: Warning
no price config for vehicle: sandking2
12/7/2023 3:58:40 PM: Warning
no price config for vehicle: neon
12/7/2023 3:58:40 PM: Warning
no price config for vehicle: baller4
12/7/2023 3:58:40 PM: Warning
no price config for vehicle: penetrator
12/7/2023 3:58:40 PM: Warning
no price config for vehicle: ninef2
12/7/2023 3:58:40 PM: Warning
no price config for vehicle: infernus
12/7/2023 3:58:40 PM: Warning
no price config for vehicle: comet3
12/7/2023 3:58:40 PM: Warning
no price config for vehicle: flashgt
12/7/2023 3:58:40 PM: Warning
no price config for vehicle: osiris
12/7/2023 3:58:40 PM: Warning
no price config for vehicle: schlagen
12/7/2023 3:58:40 PM: Warning
no price config for vehicle: nero
12/7/2023 3:58:40 PM: Warning
no price config for vehicle: neo
12/7/2023 3:58:40 PM: Warning
no price config for vehicle: adder
12/7/2023 3:58:40 PM: Warning
no price config for vehicle: t20
12/7/2023 3:58:40 PM: Warning
no price config for vehicle: dubsta3
12/7/2023 3:58:40 PM: Warning
no price config for vehicle: italigtb
12/7/2023 3:58:40 PM: Warning
no price config for vehicle: marshall
12/7/2023 3:58:40 PM: Warning
no price config for vehicle: deathbike
12/7/2023 3:58:40 PM: Warning
no price config for vehicle: mamba
12/7/2023 3:58:40 PM: Warning
no price config for vehicle: emerus
12/7/2023 3:58:40 PM: Warning
no price config for vehicle: monster
12/7/2023 3:58:40 PM: Warning
no price config for vehicle: ztype
12/7/2023 3:58:40 PM: Warning
no price config for vehicle: prototipo
12/7/2023 3:58:40 PM: Warning
no price config for vehicle: goz350
12/7/2023 3:58:40 PM: Warning
no price config for vehicle: bmwm5
12/7/2023 3:58:40 PM: Warning
no price config for vehicle: gozl1
12/7/2023 3:58:40 PM: Warning
no price config for vehicle: gocharger69
12/7/2023 3:58:40 PM: Warning
no price config for vehicle: gosupra
12/7/2023 3:58:40 PM: Warning
no price config for vehicle: gogtr50
12/7/2023 3:58:40 PM: Warning
no price config for vehicle: gomayb900
12/7/2023 3:58:40 PM: Warning
no price config for vehicle: golp670
12/7/2023 3:58:40 PM: Warning
no price config for vehicle: bentaygav8
12/7/2023 3:58:40 PM: Warning
no price config for vehicle: gomonstergt
12/7/2023 3:58:40 PM: Warning
no price config for vehicle: gomonsterr34
12/7/2023 3:58:40 PM: Warning
no price config for vehicle: gosianr
12/7/2023 3:58:40 PM: Warning
no price config for vehicle: gomonster
12/7/2023 3:58:40 PM: Warning
no price config for vehicle: goniva
12/7/2023 3:58:41 PM: Warning
0 CHARACTERS WAS DELETED
12/7/2023 3:58:42 PM: Warning
DB return null result.
12/7/2023 4:15:32 PM: Warning
Disconnected player social:162947902
